diff --git a/res/values-cs/strings.xml b/res/values-cs/strings.xml
index eff882c..b306019 100644
--- a/res/values-cs/strings.xml
+++ b/res/values-cs/strings.xml
@@ -29,7 +29,7 @@
     <string name="min_available" msgid="5493947690062988925">"K dispozici: <xliff:g id="MINUTES">%d</xliff:g> min"</string>
     <string name="sec_available" msgid="2297020788861694399">"K dispozici <xliff:g id="SECONDS">%d</xliff:g> s"</string>
     <string name="accept" msgid="1888285552128743656">"Hotovo"</string>
-    <string name="discard" msgid="761613433029406319">"Zrušit"</string>
+    <string name="discard" msgid="761613433029406319">"Zahodit"</string>
     <string name="button_ok" msgid="3004911343723076226">"OK"</string>
     <!-- no translation found for audio_db_title_format (7912182366970749312) -->
     <skip />
diff --git a/res/values-da/strings.xml b/res/values-da/strings.xml
index b7236e4..98f73f9 100644
--- a/res/values-da/strings.xml
+++ b/res/values-da/strings.xml
@@ -28,7 +28,7 @@
     <string name="insert_sd_card" product="default" msgid="1007630222084726808">"Indsæt et SD-kort"</string>
     <string name="min_available" msgid="5493947690062988925">"<xliff:g id="MINUTES">%d</xliff:g> min. ledige"</string>
     <string name="sec_available" msgid="2297020788861694399">"<xliff:g id="SECONDS">%d</xliff:g> ledige"</string>
-    <string name="accept" msgid="1888285552128743656">"Udfør"</string>
+    <string name="accept" msgid="1888285552128743656">"Færdig"</string>
     <string name="discard" msgid="761613433029406319">"Kassér"</string>
     <string name="button_ok" msgid="3004911343723076226">"OK"</string>
     <!-- no translation found for audio_db_title_format (7912182366970749312) -->
diff --git a/res/values-fa/strings.xml b/res/values-fa/strings.xml
index ab7aa43..b2f02dd 100644
--- a/res/values-fa/strings.xml
+++ b/res/values-fa/strings.xml
@@ -22,9 +22,9 @@
     <string name="review_message" msgid="201616012287839474">"بازبینی پیام"</string>
     <string name="recording" msgid="4426791467211376099">"در حال ضبط"</string>
     <string name="recording_stopped" msgid="1580278719585249612">"ضبط متوقف شد"</string>
-    <string name="storage_is_full" msgid="416039755956726221">"ذخیره سازی پر است"</string>
-    <string name="max_length_reached" msgid="6398215743584093353">"به حداکثر طول مجاز رسیده اید"</string>
-    <string name="insert_sd_card" product="nosdcard" msgid="4609407750669086933">"اتصال حافظه USB"</string>
+    <string name="storage_is_full" msgid="416039755956726221">"ذخیره‌سازی پر است"</string>
+    <string name="max_length_reached" msgid="6398215743584093353">"به حداکثر طول مجاز رسیده‌اید"</string>
+    <string name="insert_sd_card" product="nosdcard" msgid="4609407750669086933">"اتصال حافظهٔ USB"</string>
     <string name="insert_sd_card" product="default" msgid="1007630222084726808">"یک کارت SD وارد کنید"</string>
     <string name="min_available" msgid="5493947690062988925">"<xliff:g id="MINUTES">%d</xliff:g> دقیقه موجود است"</string>
     <string name="sec_available" msgid="2297020788861694399">"<xliff:g id="SECONDS">%d</xliff:g> ثانیه موجود"</string>
@@ -36,7 +36,7 @@
     <string name="audio_db_artist_name" msgid="961640229118120080">"موارد ضبط شده شما"</string>
     <string name="audio_db_album_name" msgid="9072588113803264440">"موارد ضبط شده صوتی"</string>
     <string name="audio_db_playlist_name" msgid="5592939050047058162">"موارد ضبط شده من"</string>
-    <string name="error_sdcard_access" product="nosdcard" msgid="86629081075681774">"دسترسی به حافظه USB ممکن نیست."</string>
+    <string name="error_sdcard_access" product="nosdcard" msgid="86629081075681774">"دسترسی به حافظهٔ USB ممکن نیست."</string>
     <string name="error_sdcard_access" product="default" msgid="5750308258096153274">"دسترسی به کارت SD ممکن نیست."</string>
     <string name="error_app_internal" msgid="312884382388702022">"خطای برنامه داخلی."</string>
     <string name="error_mediadb_new_record" msgid="261714902333432462">"صدای ضبط شده ذخیره نشد."</string>
diff --git a/res/values-tr/strings.xml b/res/values-tr/strings.xml
index 907cabc..4867b37 100644
--- a/res/values-tr/strings.xml
+++ b/res/values-tr/strings.xml
@@ -24,7 +24,7 @@
     <string name="recording_stopped" msgid="1580278719585249612">"Kayıt durdu"</string>
     <string name="storage_is_full" msgid="416039755956726221">"Depolama alanı dolu"</string>
     <string name="max_length_reached" msgid="6398215743584093353">"Maksimum uzunluğa ulaşıldı"</string>
-    <string name="insert_sd_card" product="nosdcard" msgid="4609407750669086933">"USB depolama birimi ekleyin"</string>
+    <string name="insert_sd_card" product="nosdcard" msgid="4609407750669086933">"USB bellek ekleyin"</string>
     <string name="insert_sd_card" product="default" msgid="1007630222084726808">"SD kart yerleştirin"</string>
     <string name="min_available" msgid="5493947690062988925">"<xliff:g id="MINUTES">%d</xliff:g> dak. var"</string>
     <string name="sec_available" msgid="2297020788861694399">"<xliff:g id="SECONDS">%d</xliff:g> var"</string>
@@ -36,7 +36,7 @@
     <string name="audio_db_artist_name" msgid="961640229118120080">"Kayıtlarınız"</string>
     <string name="audio_db_album_name" msgid="9072588113803264440">"Ses kayıtları"</string>
     <string name="audio_db_playlist_name" msgid="5592939050047058162">"Kayıtlarım"</string>
-    <string name="error_sdcard_access" product="nosdcard" msgid="86629081075681774">"USB depolama birimine erişilemiyor."</string>
+    <string name="error_sdcard_access" product="nosdcard" msgid="86629081075681774">"USB belleğe erişilemiyor."</string>
     <string name="error_sdcard_access" product="default" msgid="5750308258096153274">"SD karta erişilemiyor."</string>
     <string name="error_app_internal" msgid="312884382388702022">"Dahili uygulama hatası."</string>
     <string name="error_mediadb_new_record" msgid="261714902333432462">"Ses kaydı diske kaydedilemedi."</string>
